<?xml version="1.0" encoding="UTF-8"?>
<!-- Generated by org.testng.reporters.JUnitReportReporter -->
<testsuite hostname="Surajit" failures="0" tests="1" name="MyTest.SubmitOrderTest" time="19.741" errors="0" timestamp="2023-12-31T13:23:05 IST" skipped="0">
  <testcase classname="MyTest.SubmitOrderTest" name="test" time="19.741"/>
  <system-out/>
</testsuite> <!-- MyTest.SubmitOrderTest -->
