<?xml version="1.0" encoding="UTF-8"?>
<!-- Generated by org.testng.reporters.JUnitReportReporter -->
<testsuite hostname="Surajit" failures="0" tests="1" name="MyTest.WindowHandel" time="2.737" errors="0" timestamp="2022-11-15T20:50:48 IST" skipped="0">
  <testcase classname="MyTest.WindowHandel" name="Launch" time="2.737"/>
  <system-out/>
</testsuite> <!-- MyTest.WindowHandel -->
