<?xml version="1.0" encoding="UTF-8"?>
<!-- Generated by org.testng.reporters.JUnitReportReporter -->
<testsuite hostname="Surajit" failures="0" tests="3" name="MyTest.Test.SubmitOrderTest" time="43.092" errors="0" timestamp="2024-01-03T23:47:54 IST" skipped="0">
  <testcase classname="MyTest.Test.SubmitOrderTest" name="submitOrder" time="18.869"/>
  <system-out/>
  <testcase classname="MyTest.Test.SubmitOrderTest" name="OrderHistoryTest" time="4.177"/>
  <system-out/>
  <testcase classname="MyTest.Test.SubmitOrderTest" name="submitOrder" time="20.046"/>
  <system-out/>
</testsuite> <!-- MyTest.Test.SubmitOrderTest -->
