<?xml version="1.0" encoding="UTF-8"?>
<!-- Generated by org.testng.reporters.JUnitReportReporter -->
<testsuite hostname="Surajit" failures="0" tests="1" name="MyTest.Standalonetest" time="6.178" errors="0" timestamp="2023-12-30T19:57:00 IST" skipped="0">
  <testcase classname="MyTest.Standalonetest" name="test" time="6.178"/>
  <system-out/>
</testsuite> <!-- MyTest.Standalonetest -->
