<?xml version="1.0" encoding="UTF-8"?>
<!-- Generated by org.testng.reporters.JUnitReportReporter -->
<testsuite hostname="Surajit" failures="0" tests="1" name="MyTest.Javascriptexecutor" time="0.235" errors="0" timestamp="2022-11-29T19:33:13 IST" skipped="0">
  <testcase classname="MyTest.Javascriptexecutor" name="Scroll" time="0.235"/>
  <system-out/>
</testsuite> <!-- MyTest.Javascriptexecutor -->
