<?xml version="1.0" encoding="UTF-8"?>
<!-- Generated by org.testng.reporters.JUnitReportReporter -->
<testsuite hostname="Surajit" failures="0" tests="1" name="MyTest.LaunhIRCTC" time="7.918" errors="0" timestamp="2022-11-30T21:52:20 IST" skipped="0">
  <testcase classname="MyTest.LaunhIRCTC" name="IRCTC" time="7.918"/>
  <system-out/>
</testsuite> <!-- MyTest.LaunhIRCTC -->
