<?xml version="1.0" encoding="UTF-8"?>
<!-- Generated by org.testng.reporters.JUnitReportReporter -->
<testsuite hostname="Surajit" failures="0" tests="1" name="MyTest.Iframes" time="13.358" errors="0" timestamp="2022-11-22T20:15:14 IST" skipped="0">
  <testcase classname="MyTest.Iframes" name="Login" time="13.358"/>
  <system-out/>
</testsuite> <!-- MyTest.Iframes -->
