<?xml version="1.0" encoding="UTF-8"?>
<!-- Generated by org.testng.reporters.JUnitReportReporter -->
<testsuite hostname="Surajit" failures="0" tests="1" name="MyTest.Demo" time="3.971" errors="0" timestamp="2022-11-11T18:13:54 IST" skipped="0">
  <testcase classname="MyTest.Demo" name="Launch" time="3.971"/>
  <system-out/>
</testsuite> <!-- MyTest.Demo -->
