<?xml version="1.0" encoding="UTF-8"?>
<!-- Generated by org.testng.reporters.JUnitReportReporter -->
<testsuite hostname="Surajit" failures="0" tests="1" name="MyTest.E_commers" time="17.983" errors="0" timestamp="2023-01-04T21:55:34 IST" skipped="0">
  <testcase classname="MyTest.E_commers" name="MensJacket" time="17.983"/>
  <system-out/>
</testsuite> <!-- MyTest.E_commers -->
