<?xml version="1.0" encoding="UTF-8"?>
<!-- Generated by org.testng.reporters.JUnitReportReporter -->
<testsuite hostname="Surajit" failures="0" tests="1" name="MyTest.practice" time="6.978" errors="0" timestamp="2023-03-31T08:59:18 IST" skipped="0">
  <testcase classname="MyTest.practice" name="login" time="6.978"/>
  <system-out/>
</testsuite> <!-- MyTest.practice -->
