<?xml version="1.0" encoding="UTF-8"?>
<!-- Generated by org.testng.reporters.JUnitReportReporter -->
<testsuite hostname="Surajit" failures="0" tests="1" name="MyTest.Test.ErrorValidation" time="5.693" errors="0" timestamp="2024-01-02T20:56:40 IST" skipped="0">
  <testcase classname="MyTest.Test.ErrorValidation" name="wrongPassword" time="5.693"/>
  <system-out/>
</testsuite> <!-- MyTest.Test.ErrorValidation -->
