<?xml version="1.0" encoding="UTF-8"?>
<!-- Generated by org.testng.reporters.JUnitReportReporter -->
<testsuite hostname="Surajit" failures="0" tests="1" name="MyTest.Assignment1" time="30.626" errors="0" timestamp="2023-04-19T07:53:00 IST" skipped="0">
  <testcase classname="MyTest.Assignment1" name="Launch" time="30.626"/>
  <system-out/>
</testsuite> <!-- MyTest.Assignment1 -->
